<?xml version="1.0" encoding="UTF-8"?>
<testsuites>
  <testsuite name="TheJawker\Interrogator\Test\FilterTest" file="/Users/bramveerman/Dev/laravel-interrogator/tests/FilterTest.php" tests="1" assertions="1" errors="0" failures="1" skipped="0" time="0.097443">
    <testcase name="search_filtering_can_be_done_on_relations_with_other_operations" class="TheJawker\Interrogator\Test\FilterTest" classname="TheJawker.Interrogator.Test.FilterTest" file="/Users/bramveerman/Dev/laravel-interrogator/tests/FilterTest.php" line="241" assertions="1" time="0.097443">
      <failure type="PHPUnit\Framework\ExpectationFailedException">TheJawker\Interrogator\Test\FilterTest::search_filtering_can_be_done_on_relations_with_other_operations
Failed asserting that actual size 2 matches expected size 1.

/Users/bramveerman/Dev/laravel-interrogator/tests/FilterTest.php:254
</failure>
    </testcase>
  </testsuite>
</testsuites>
